<?xml version="1.0" encoding="UTF-8"?>
<!-- Generated by org.testng.reporters.JUnitReportReporter -->
<testsuite skipped="0" hostname="DESKTOP-UP6M24A" name="qaclickacademy.AppiumTest" tests="1" failures="0" timestamp="13 Jun 2018 20:06:20 GMT" time="0.008" errors="0">
  <testcase name="AppiumAutomation" time="0.008" classname="qaclickacademy.AppiumTest"/>
</testsuite> <!-- qaclickacademy.AppiumTest -->
