<?xml version="1.0" encoding="UTF-8"?>
<!-- Generated by org.testng.reporters.JUnitReportReporter -->
<testsuite skipped="0" hostname="DESKTOP-UP6M24A" name="masteringselenium.BasicTest" tests="2" failures="0" timestamp="13 Jun 2018 20:58:13 GMT" time="15.291" errors="0">
  <testcase name="googleMilkExample" time="5.578" classname="masteringselenium.BasicTest"/>
  <testcase name="googleCheeseExample" time="9.713" classname="masteringselenium.BasicTest"/>
</testsuite> <!-- masteringselenium.BasicTest -->
